2024-02-16 08:10:15 INFO The compiler starts successfully! 
2024-02-16 08:10:15 INFO Device info: Quadro RTX 8000
2024-02-16 08:10:15 INFO Hyper Params: input size torch.Size([1, 3, 224, 224]), batch size 32, lr 0.0001
2024-02-16 08:10:15 INFO Settings: fine-tune epoch 40, max iteration 200, early_stop_check_epoch 5, enable_eary_stop True
2024-02-16 08:10:15 INFO Original Graph:
 ((0, 0))placeholder	
((0, 0)->(1, 0))Conv2d	((0, 0)->(2, 0))Conv2d	
((1, 0)->(1, 1))BatchNorm2d	((2, 0)->(2, 1))BatchNorm2d	
((1, 1)->(1, 2))ReLU	((2, 1)->(2, 2))ReLU	
((1, 2)->(1, 3))MaxPool2d	((2, 2)->(2, 3))Conv2d	
((1, 3)->(1, 4))BasicBlock	((2, 3)->(2, 4))BatchNorm2d	
((1, 4)->(1, 5))BasicBlock	((2, 4)->(2, 5))ReLU	
((1, 5)->(1, 6))BasicBlock	((2, 5)->(2, 6))MaxPool2d	
((1, 6)->(1, 7))BasicBlock	((2, 6)->(2, 7))Conv2d	
((1, 7)->(1, 8))BasicBlock	((2, 7)->(2, 8))BatchNorm2d	
((1, 8)->(1, 9))BasicBlock	((2, 8)->(2, 9))ReLU	
((1, 9)->(1, 10))BasicBlock	((2, 9)->(2, 10))Conv2d	
((1, 10)->(1, 11))BasicBlock	((2, 10)->(2, 11))BatchNorm2d	
((1, 11)->(1, 12))BasicBlock	((2, 11)->(2, 12))ReLU	
((1, 12)->(1, 13))BasicBlock	((2, 12)->(2, 13))MaxPool2d	
((1, 13)->(1, 14))BasicBlock	((2, 13)->(2, 14))Conv2d	
((1, 14)->(1, 15))BasicBlock	((2, 14)->(2, 15))BatchNorm2d	
((1, 15)->(1, 16))BasicBlock	((2, 15)->(2, 16))ReLU	
((1, 16)->(1, 17))BasicBlock	((2, 16)->(2, 17))Conv2d	
((1, 17)->(1, 18))BasicBlock	((2, 17)->(2, 18))BatchNorm2d	
((1, 18)->(1, 19))BasicBlock	((2, 18)->(2, 19))ReLU	
((1, 19)->(1, 20))AdaptiveConcatPool	((2, 19)->(2, 20))Conv2d	
((1, 20)->(1, 21))Flatten	((2, 20)->(2, 21))BatchNorm2d	
((1, 21)->(1, 22))BatchNorm1d	((2, 21)->(2, 22))ReLU	
((1, 22)->(1, 23))Dropout	((2, 22)->(2, 23))MaxPool2d	
((1, 23)->(1, 24))Linear	((2, 23)->(2, 24))Conv2d	
((1, 24)->(1, 25))ReLU	((2, 24)->(2, 25))BatchNorm2d	
((1, 25)->(1, 26))BatchNorm1d	((2, 25)->(2, 26))ReLU	
((1, 26)->(1, 27))Dropout	((2, 26)->(2, 27))Conv2d	
((1, 27)->(1, 28))Linear	((2, 27)->(2, 28))BatchNorm2d	
((2, 28)->(2, 29))ReLU	
((2, 29)->(2, 30))Conv2d	
((2, 30)->(2, 31))BatchNorm2d	
((2, 31)->(2, 32))ReLU	
((2, 32)->(2, 33))MaxPool2d	
((2, 33)->(2, 34))Conv2d	
((2, 34)->(2, 35))BatchNorm2d	
((2, 35)->(2, 36))ReLU	
((2, 36)->(2, 37))Conv2d	
((2, 37)->(2, 38))BatchNorm2d	
((2, 38)->(2, 39))ReLU	
((2, 39)->(2, 40))Conv2d	
((2, 40)->(2, 41))BatchNorm2d	
((2, 41)->(2, 42))ReLU	
((2, 42)->(2, 43))MaxPool2d	
((2, 43)->(2, 44))AdaptiveConcatPool	
((2, 44)->(2, 45))Flatten	
((2, 45)->(2, 46))BatchNorm1d	
((2, 46)->(2, 47))Dropout	
((2, 47)->(2, 48))Linear	
((2, 48)->(2, 49))ReLU	
((2, 49)->(2, 50))BatchNorm1d	
((2, 50)->(2, 51))Dropout	
((2, 51)->(2, 52))Linear	

2024-02-16 08:10:15 INFO total capacity: 37076377
2024-02-16 08:10:15 INFO task specific capacity: 
2024-02-16 08:10:15 INFO Task_id: 1
Total: 21822804 (individual: 21822804, shared: 0)
Details:
	(1, 2): 0
	(1,): 21822804

2024-02-16 08:10:15 INFO Task_id: 2
Total: 15253573 (individual: 15253573, shared: 0)
Details:
	(1, 2): 0
	(2,): 15253573

2024-02-16 08:10:15 INFO Load Pamameters from Original Models
2024-02-16 08:10:45 INFO Policy settings: initial_temp 100, min_temp 1, alpha 0.99
2024-02-16 08:10:45 INFO Policy settings: accuracy_tolerence 0.01, n_merge_per_epoch 2, cooling_schedule: exponential, cooling_threshold: 20
2024-02-16 08:10:45 INFO Finetune Module: 2
2024-02-16 08:10:45 INFO Baselines Acc: net1: 88.29280103144038%   net2: 69.26568034649704%   
2024-02-16 08:10:45 INFO Baseline Latency: 7.221382743316806
2024-02-16 08:10:45 INFO -------------------------- Optimization Begins ----------------------------------
2024-02-16 08:10:45 INFO Current iteration: 1/200, Current best latency: 7.221382743316806
2024-02-16 08:10:45 INFO Current Temp: 100, Current probability: 0
2024-02-16 08:10:45 INFO Current number of candidates is 0
2024-02-16 08:10:45 INFO Current number of generated Graphs: 0, Topologies: 0
2024-02-16 08:10:45 INFO Optimizing on the Original Graph ...
2024-02-16 08:10:45 INFO Merging 1:
    Node1: ((1, 9)->(1, 10))BasicBlock
    Node2: ((2, 26)->(2, 27))Conv2d
2024-02-16 08:10:45 INFO Insert transform at node2, node1 torch.Size([1, 128, 28, 28]), node2 torch.Size([1, 512, 28, 28])
2024-02-16 08:10:45 INFO Merging 1:
    Node1: ((1, 17)->(1, 18))BasicBlock
    Node2: ((1, 18)->(1, 19))BasicBlock
2024-02-16 08:10:45 INFO Current abs-Graph:
 ((0, 0))placeholder	
((0, 0)->(1, 0))Conv2d	
((1, 0)->(1, 1))BatchNorm2d	
((1, 1)->(1, 2))ReLU	
((1, 2)->(1, 3))MaxPool2d	
((1, 3)->(1, 4))BasicBlock	
((1, 4)->(1, 5))BasicBlock	
((1, 5)->(1, 6))BasicBlock	
((1, 6)->(1, 7))BasicBlock	
((1, 7)->(1, 8))BasicBlock	
((1, 8)->(1, 9))BasicBlock	
((1, 9)->(1, 10))BasicBlock	((1, 9)->(2, 53))InsertNode	
((1, 10)->(1, 11))BasicBlock	((2, 53)->(2, 27))Conv2d	
((1, 11)->(1, 12))BasicBlock	((2, 27)->(2, 28))BatchNorm2d	
((1, 12)->(1, 13))BasicBlock	((2, 28)->(2, 29))ReLU	
((1, 13)->(1, 14))BasicBlock	((2, 29)->(2, 30))Conv2d	
((1, 14)->(1, 15))BasicBlock	((2, 30)->(2, 31))BatchNorm2d	
((1, 15)->(1, 16))BasicBlock	((2, 31)->(2, 32))ReLU	
((1, 16)->(1, 17))BasicBlock	((2, 32)->(2, 33))MaxPool2d	
((1, 17)->(1, 19))BasicBlock	((2, 33)->(2, 34))Conv2d	
((1, 19)->(1, 20))AdaptiveConcatPool	((2, 34)->(2, 35))BatchNorm2d	
((1, 20)->(1, 21))Flatten	((2, 35)->(2, 36))ReLU	
((1, 21)->(1, 22))BatchNorm1d	((2, 36)->(2, 37))Conv2d	
((1, 22)->(1, 23))Dropout	((2, 37)->(2, 38))BatchNorm2d	
((1, 23)->(1, 24))Linear	((2, 38)->(2, 39))ReLU	
((1, 24)->(1, 25))ReLU	((2, 39)->(2, 40))Conv2d	
((1, 25)->(1, 26))BatchNorm1d	((2, 40)->(2, 41))BatchNorm2d	
((1, 26)->(1, 27))Dropout	((2, 41)->(2, 42))ReLU	
((1, 27)->(1, 28))Linear	((2, 42)->(2, 43))MaxPool2d	
((2, 43)->(2, 44))AdaptiveConcatPool	
((2, 44)->(2, 45))Flatten	
((2, 45)->(2, 46))BatchNorm1d	
((2, 46)->(2, 47))Dropout	
((2, 47)->(2, 48))Linear	
((2, 48)->(2, 49))ReLU	
((2, 49)->(2, 50))BatchNorm1d	
((2, 50)->(2, 51))Dropout	
((2, 51)->(2, 52))Linear	

2024-02-16 08:10:45 INFO total capacity: 29436761
2024-02-16 08:10:45 INFO task specific capacity: 
2024-02-16 08:10:45 INFO Task_id: 1
Total: 17102164 (individual: 16049684, shared: 1052480)
Details:
	(1, 2): 1052480
	(1,): 16049684

2024-02-16 08:10:45 INFO Task_id: 2
Total: 13387077 (individual: 12334597, shared: 1052480)
Details:
	(1, 2): 1052480
	(2,): 12334597

2024-02-16 08:10:45 INFO Load Pamameters from Original Models
2024-02-16 08:10:45 INFO Finetune start ...
